<?xml version="1.0" encoding="UTF-8"?>
<!-- Generated by org.testng.reporters.JUnitReportReporter -->
<testsuite skipped="0" hostname="CDC2-D-6S9GH92" name="Tests.SwitchToWindows" tests="1" failures="0" timestamp="02 Aug 2019 05:02:05 GMT" time="7.055" errors="1">
  <testcase name="f" time="7.055" classname="Tests.SwitchToWindows">
    <error type="org.openqa.selenium.SessionNotCreatedException" message="session not created
from disconnected: received Inspector.detached event
  (Session info: chrome=76.0.3809.87)
Build info: version: &#039;3.141.59&#039;, revision: &#039;e82be7d358&#039;, time: &#039;2018-11-14T08:17:03&#039;
System info: host: &#039;CDC2-D-6S9GH92&#039;, ip: &#039;10.220.69.224&#039;, os.name: &#039;Windows 10&#039;, os.arch: &#039;amd64&#039;, os.version: &#039;10.0&#039;, java.version: &#039;1.8.0_201&#039;
Driver info: driver.version: ChromeDriver
remote stacktrace: Backtrace:
	Ordinal0 [0x00EF1B23+1448739]
	Ordinal0 [0x00E75A11+940561]
	Ordinal0 [0x00E02293+467603]
	Ordinal0 [0x00DFAB29+437033]
	Ordinal0 [0x00DFA718+435992]
	Ordinal0 [0x00DFA491+435345]
	Ordinal0 [0x00DF9ADC+432860]
	Ordinal0 [0x00DF9674+431732]
	Ordinal0 [0x00DF9635+431669]
	Ordinal0 [0x00E00AF5+461557]
	Ordinal0 [0x00DF95EC+431596]
	Ordinal0 [0x00DFA145+434501]
	Ordinal0 [0x00DF9ADC+432860]
	Ordinal0 [0x00DF9674+431732]
	Ordinal0 [0x00DF9635+431669]
	Ordinal0 [0x00DFF44E+455758]
	Ordinal0 [0x00DF95EC+431596]
	Ordinal0 [0x00DFA145+434501]
	Ordinal0 [0x00DF9ADC+432860]
	Ordinal0 [0x00DF9674+431732]
	Ordinal0 [0x00DF9635+431669]
	Ordinal0 [0x00DFDC4B+449611]
	Ordinal0 [0x00DF95EC+431596]
	Ordinal0 [0x00DFA145+434501]
	Ordinal0 [0x00DF9ADC+432860]
	Ordinal0 [0x00DF9674+431732]
	Ordinal0 [0x00DF9635+431669]
	Ordinal0 [0x00DFD437+447543]
	Ordinal0 [0x00DF95EC+431596]
	Ordinal0 [0x00DFA145+434501]
	Ordinal0 [0x00DF9ADC+432860]
	Ordinal0 [0x00DF9674+431732]
	Ordinal0 [0x00DF9635+431669]
	Ordinal0 [0x00DF62CC+418508]
	Ordinal0 [0x00DF95EC+431596]
	Ordinal0 [0x00DF94D4+431316]
	Ordinal0 [0x00E02EF0+470768]
	Ordinal0 [0x00DB94CE+169166]
	Ordinal0 [0x00DB88ED+166125]
	Ordinal0 [0x00DB6FFB+159739]
	Ordinal0 [0x00DA09F6+68086]
	Ordinal0 [0x00DA1990+72080]
	Ordinal0 [0x00DA1929+71977]
	GetHandleVerifier [0x01032E4C+1172140]
	GetHandleVerifier [0x00F8FE35+504469]
	GetHandleVerifier [0x00F8FBD0+503856]
	Ordinal0 [0x00EFC9A8+1493416]
	GetHandleVerifier [0x00F9060A+506474]
	Ordinal0 [0x00E87136+1012022]
	Ordinal0 [0x00E86FAF+1011631]
	Ordinal0 [0x00E9133B+1053499]
	Ordinal0 [0x00E914A3+1053859]
	Ordinal0 [0x00E904D5+1049813]
	BaseThreadInitThunk [0x74E10419+25]
	RtlGetAppContainerNamedObjectPath [0x76FF662D+237]
	RtlGetAppContainerNamedObjectPath [0x76FF65FD+189]
">
      <![CDATA[org.openqa.selenium.SessionNotCreatedException: session not created
from disconnected: received Inspector.detached event
  (Session info: chrome=76.0.3809.87)
Build info: version: '3.141.59', revision: 'e82be7d358', time: '2018-11-14T08:17:03'
System info: host: 'CDC2-D-6S9GH92', ip: '10.220.69.224', os.name: 'Windows 10', os.arch: 'amd64', os.version: '10.0', java.version: '1.8.0_201'
Driver info: driver.version: ChromeDriver
remote stacktrace: Backtrace:
Ordinal0 [0x00EF1B23+1448739]
Ordinal0 [0x00E75A11+940561]
Ordinal0 [0x00E02293+467603]
Ordinal0 [0x00DFAB29+437033]
Ordinal0 [0x00DFA718+435992]
Ordinal0 [0x00DFA491+435345]
Ordinal0 [0x00DF9ADC+432860]
Ordinal0 [0x00DF9674+431732]
Ordinal0 [0x00DF9635+431669]
Ordinal0 [0x00E00AF5+461557]
Ordinal0 [0x00DF95EC+431596]
Ordinal0 [0x00DFA145+434501]
Ordinal0 [0x00DF9ADC+432860]
Ordinal0 [0x00DF9674+431732]
Ordinal0 [0x00DF9635+431669]
Ordinal0 [0x00DFF44E+455758]
Ordinal0 [0x00DF95EC+431596]
Ordinal0 [0x00DFA145+434501]
Ordinal0 [0x00DF9ADC+432860]
Ordinal0 [0x00DF9674+431732]
Ordinal0 [0x00DF9635+431669]
Ordinal0 [0x00DFDC4B+449611]
Ordinal0 [0x00DF95EC+431596]
Ordinal0 [0x00DFA145+434501]
Ordinal0 [0x00DF9ADC+432860]
Ordinal0 [0x00DF9674+431732]
Ordinal0 [0x00DF9635+431669]
Ordinal0 [0x00DFD437+447543]
Ordinal0 [0x00DF95EC+431596]
Ordinal0 [0x00DFA145+434501]
Ordinal0 [0x00DF9ADC+432860]
Ordinal0 [0x00DF9674+431732]
Ordinal0 [0x00DF9635+431669]
Ordinal0 [0x00DF62CC+418508]
Ordinal0 [0x00DF95EC+431596]
Ordinal0 [0x00DF94D4+431316]
Ordinal0 [0x00E02EF0+470768]
Ordinal0 [0x00DB94CE+169166]
Ordinal0 [0x00DB88ED+166125]
Ordinal0 [0x00DB6FFB+159739]
Ordinal0 [0x00DA09F6+68086]
Ordinal0 [0x00DA1990+72080]
Ordinal0 [0x00DA1929+71977]
GetHandleVerifier [0x01032E4C+1172140]
GetHandleVerifier [0x00F8FE35+504469]
GetHandleVerifier [0x00F8FBD0+503856]
Ordinal0 [0x00EFC9A8+1493416]
GetHandleVerifier [0x00F9060A+506474]
Ordinal0 [0x00E87136+1012022]
Ordinal0 [0x00E86FAF+1011631]
Ordinal0 [0x00E9133B+1053499]
Ordinal0 [0x00E914A3+1053859]
Ordinal0 [0x00E904D5+1049813]
BaseThreadInitThunk [0x74E10419+25]
RtlGetAppContainerNamedObjectPath [0x76FF662D+237]
RtlGetAppContainerNamedObjectPath [0x76FF65FD+189]

at sun.reflect.NativeConstructorAccessorImpl.newInstance0(Native Method)
at sun.reflect.NativeConstructorAccessorImpl.newInstance(Unknown Source)
at sun.reflect.DelegatingConstructorAccessorImpl.newInstance(Unknown Source)
at java.lang.reflect.Constructor.newInstance(Unknown Source)
at org.openqa.selenium.remote.W3CHandshakeResponse.lambda$errorHandler$0(W3CHandshakeResponse.java:62)
at org.openqa.selenium.remote.HandshakeResponse.lambda$getResponseFunction$0(HandshakeResponse.java:30)
at org.openqa.selenium.remote.ProtocolHandshake.lambda$createSession$0(ProtocolHandshake.java:126)
at java.util.stream.ReferencePipeline$3$1.accept(Unknown Source)
at java.util.Spliterators$ArraySpliterator.tryAdvance(Unknown Source)
at java.util.stream.ReferencePipeline.forEachWithCancel(Unknown Source)
at java.util.stream.AbstractPipeline.copyIntoWithCancel(Unknown Source)
at java.util.stream.AbstractPipeline.copyInto(Unknown Source)
at java.util.stream.AbstractPipeline.wrapAndCopyInto(Unknown Source)
at java.util.stream.FindOps$FindOp.evaluateSequential(Unknown Source)
at java.util.stream.AbstractPipeline.evaluate(Unknown Source)
at java.util.stream.ReferencePipeline.findFirst(Unknown Source)
at org.openqa.selenium.remote.ProtocolHandshake.createSession(ProtocolHandshake.java:128)
at org.openqa.selenium.remote.ProtocolHandshake.createSession(ProtocolHandshake.java:74)
at org.openqa.selenium.remote.HttpCommandExecutor.execute(HttpCommandExecutor.java:136)
at org.openqa.selenium.remote.service.DriverCommandExecutor.execute(DriverCommandExecutor.java:83)
at org.openqa.selenium.remote.RemoteWebDriver.execute(RemoteWebDriver.java:552)
at org.openqa.selenium.remote.RemoteWebDriver.startSession(RemoteWebDriver.java:213)
at org.openqa.selenium.remote.RemoteWebDriver.<init>(RemoteWebDriver.java:131)
at org.openqa.selenium.chrome.ChromeDriver.<init>(ChromeDriver.java:181)
at org.openqa.selenium.chrome.ChromeDriver.<init>(ChromeDriver.java:168)
at org.openqa.selenium.chrome.ChromeDriver.<init>(ChromeDriver.java:123)
at UtilityPackage.BrowserFactory.startbrowser(BrowserFactory.java:20)
at Tests.SwitchToWindows.f(SwitchToWindows.java:17)
at sun.reflect.NativeMethodAccessorImpl.invoke0(Native Method)
at sun.reflect.NativeMethodAccessorImpl.invoke(Unknown Source)
at sun.reflect.DelegatingMethodAccessorImpl.invoke(Unknown Source)
at java.lang.reflect.Method.invoke(Unknown Source)
at org.testng.internal.MethodInvocationHelper.invokeMethod(MethodInvocationHelper.java:124)
at org.testng.internal.Invoker.invokeMethod(Invoker.java:580)
at org.testng.internal.Invoker.invokeTestMethod(Invoker.java:716)
at org.testng.internal.Invoker.invokeTestMethods(Invoker.java:988)
at org.testng.internal.TestMethodWorker.invokeTestMethods(TestMethodWorker.java:125)
at org.testng.internal.TestMethodWorker.run(TestMethodWorker.java:109)
at org.testng.TestRunner.privateRun(TestRunner.java:648)
at org.testng.TestRunner.run(TestRunner.java:505)
at org.testng.SuiteRunner.runTest(SuiteRunner.java:455)
at org.testng.SuiteRunner.runSequentially(SuiteRunner.java:450)
at org.testng.SuiteRunner.privateRun(SuiteRunner.java:415)
at org.testng.SuiteRunner.run(SuiteRunner.java:364)
at org.testng.SuiteRunnerWorker.runSuite(SuiteRunnerWorker.java:52)
at org.testng.SuiteRunnerWorker.run(SuiteRunnerWorker.java:84)
at org.testng.TestNG.runSuitesSequentially(TestNG.java:1208)
at org.testng.TestNG.runSuitesLocally(TestNG.java:1137)
at org.testng.TestNG.runSuites(TestNG.java:1049)
at org.testng.TestNG.run(TestNG.java:1017)
at org.testng.remote.AbstractRemoteTestNG.run(AbstractRemoteTestNG.java:114)
at org.testng.remote.RemoteTestNG.initAndRun(RemoteTestNG.java:251)
at org.testng.remote.RemoteTestNG.main(RemoteTestNG.java:77)
]]>
    </error>
  </testcase> <!-- f -->
</testsuite> <!-- Tests.SwitchToWindows -->
